IQ-TREE multicore version 1.6.12 for Linux 64-bit built Aug 15 2019
Developed by Bui Quang Minh, Nguyen Lam Tung, Olga Chernomor,
Heiko Schmidt, Dominik Schrempf, Michael Woodhams.

Host:    comet-ln2.sdsc.edu (AVX2, FMA3, 62 GB RAM)
Command: iqtree -m MFP -nt AUTO -s /home/a1moshir/COVID19_2020-03-08/output_files/sequences_safe.aln
Seed:    112844 (Using SPRNG - Scalable Parallel Random Number Generator)
Time:    Sun Mar  8 11:16:46 2020
Kernel:  AVX+FMA - auto-detect threads (24 CPU cores detected)

Reading alignment file /home/a1moshir/COVID19_2020-03-08/output_files/sequences_safe.aln ... Fasta format detected
Alignment most likely contains DNA/RNA sequences
WARNING: 128 sites contain only gaps or ambiguous characters.
Alignment has 288 sequences with 30205 columns, 3765 distinct patterns
5588 parsimony-informative, 915 singleton sites, 23702 constant sites
                                                                        Gap/Ambiguity  Composition  p-value
   1  BetaCoV_Wuhan_IVDC_HB_01_2019_EPI_ISL_402119                              1.04%    passed     99.97%
   2  BetaCoV_Wuhan_IVDC_HB_04_2020_EPI_ISL_402120                              1.02%    passed     99.90%
   3  BetaCoV_Wuhan_IVDC_HB_05_2019_EPI_ISL_402121                              1.04%    passed     99.95%
   4  BetaCoV_Wuhan_IPBCAMS_WH_01_2019_EPI_ISL_402123                           1.01%    passed     99.91%
   5  BetaCoV_Wuhan_WIV04_2019_EPI_ISL_402124                                   1.04%    passed     99.97%
   6  BetaCoV_Wuhan_Hu_1_2019_EPI_ISL_402125                                    1.00%    passed     99.79%
   7  BetaCoV_Wuhan_WIV02_2019_EPI_ISL_402127                                   1.26%    passed     99.89%
   8  BetaCoV_Wuhan_WIV05_2019_EPI_ISL_402128                                   1.17%    passed     99.94%
   9  BetaCoV_Wuhan_WIV06_2019_EPI_ISL_402129                                   1.16%    passed     99.95%
  10  BetaCoV_Wuhan_WIV07_2019_EPI_ISL_402130                                   1.15%    passed     99.95%
  11  BetaCoV_bat_Yunnan_RaTG13_2013_EPI_ISL_402131                             1.16%    passed     98.96%
  12  BetaCoV_Wuhan_HBCDC_HB_01_2019_EPI_ISL_402132                             1.18%    passed     99.95%
  13  IPBCAMS_WH_05_2020_EPI_ISL_403928                                         1.07%    passed     99.99%
  14  BetaCoV_Wuhan_IPBCAMS_WH_04_2019_EPI_ISL_403929                           1.04%    passed     99.98%
  15  BetaCoV_Wuhan_IPBCAMS_WH_03_2019_EPI_ISL_403930                           1.01%    passed     99.89%
  16  BetaCoV_Wuhan_IPBCAMS_WH_02_2019_EPI_ISL_403931                           1.05%    passed     99.98%
  17  BetaCoV_Guangdong_20SF012_2020_EPI_ISL_403932                             1.19%    passed     99.95%
  18  BetaCoV_Guangdong_20SF013_2020_EPI_ISL_403933                             1.19%    passed     99.95%
  19  BetaCoV_Guangdong_20SF014_2020_EPI_ISL_403934                             1.19%    passed     99.95%
  20  BetaCoV_Guangdong_20SF025_2020_EPI_ISL_403935                             1.19%    passed     99.95%
  21  BetaCoV_Guangdong_20SF028_2020_EPI_ISL_403936                             1.19%    passed     99.95%
  22  BetaCoV_Guangdong_20SF040_2020_EPI_ISL_403937                             1.19%    passed     99.95%
  23  BetaCoV_Nonthaburi_61_2020_EPI_ISL_403962                                 1.18%    passed     99.93%
  24  BetaCoV_Nonthaburi_74_2020_EPI_ISL_403963                                 1.15%    passed     99.97%
  25  BetaCoV_Zhejiang_WZ_01_2020_EPI_ISL_404227                                1.21%    passed     99.93%
  26  BetaCoV_Zhejiang_WZ_02_2020_EPI_ISL_404228                                1.15%    passed    100.00%
  27  BetaCoV_USA_IL1_2020_EPI_ISL_404253                                       1.10%    passed     99.99%
  28  BetaCoV_USA_WA1_2020_EPI_ISL_404895                                       1.07%    passed     99.99%
  29  BetaCoV_Shenzhen_HKU_SZ_005_2020_EPI_ISL_405839                           1.04%    passed     99.97%
  30  BetaCoV_Shenzhen_HKU_SZ_002_2020_EPI_ISL_406030                           1.22%    passed     99.91%
  31  BetaCoV_Taiwan_2_2020_EPI_ISL_406031                                      1.08%    passed     99.99%
  32  BetaCoV_USA_CA1_2020_EPI_ISL_406034                                       1.07%    passed    100.00%
  33  BetaCoV_USA_CA2_2020_EPI_ISL_406036                                       1.07%    passed     99.99%
  34  BetaCoV_USA_AZ1_2020_EPI_ISL_406223                                       1.07%    passed     99.99%
  35  BetaCoV_Guangdong_20SF174_2020_EPI_ISL_406531                             1.31%    passed     99.97%
  36  BetaCoV_Guangzhou_20SF206_2020_EPI_ISL_406533                             1.21%    passed     99.92%
  37  BetaCoV_Foshan_20SF207_2020_EPI_ISL_406534                                1.21%    passed     99.92%
  38  BetaCoV_Foshan_20SF210_2020_EPI_ISL_406535                                1.21%    passed     99.93%
  39  BetaCoV_Foshan_20SF211_2020_EPI_ISL_406536                                1.33%    passed     99.97%
  40  BetaCoV_Guangdong_20SF201_2020_EPI_ISL_406538                             1.21%    passed     99.94%
  41  BetaCoV_Shenzhen_SZTH_001_2020_EPI_ISL_406592                             1.04%    passed     99.99%
  42  BetaCoV_Shenzhen_SZTH_002_2020_EPI_ISL_406593                             1.04%    passed     99.97%
  43  BetaCoV_Shenzhen_SZTH_003_2020_EPI_ISL_406594                             1.02%    passed     99.94%
  44  BetaCoV_Shenzhen_SZTH_004_2020_EPI_ISL_406595                             1.02%    passed     99.98%
  45  BetaCoV_France_IDF0372_2020_EPI_ISL_406596                                1.17%    passed     99.94%
  46  BetaCoV_France_IDF0373_2020_EPI_ISL_406597                                1.31%    passed     99.98%
  47  BetaCoV_China_WHU01_2020_EPI_ISL_406716                                   1.07%    passed    100.00%
  48  BetaCoV_China_WHU02_2020_EPI_ISL_406717                                   1.07%    passed    100.00%
  49  BetaCov_Wuhan_WH01_2019_EPI_ISL_406798                                    1.12%    passed     99.94%
  50  BetaCov_Wuhan_WH02_2019_EPI_ISL_406799                                   36.23%    passed     38.76%
  51  BetaCov_Wuhan_WH03_2020_EPI_ISL_406800                                    1.12%    passed     99.99%
  52  BetaCov_Wuhan_WH04_2020_EPI_ISL_406801                                    1.10%    passed    100.00%
  53  BetaCoV_Australia_VIC01_2020_EPI_ISL_406844                               1.03%    passed     99.74%
  54  BetaCoV_Germany_BavPat1_2020_EPI_ISL_406862                               1.40%    passed     99.87%
  55  BetaCoV_Zhejiang_Hangzhou_1_2020_EPI_ISL_406970                           1.23%    passed     99.98%
  56  BetaCoV_Singapore_1_2020_EPI_ISL_406973                                   1.19%    passed     99.96%
  57  BetaCoV_England_01_2020_EPI_ISL_407071                                    1.22%    passed     99.94%
  58  BetaCoV_England_02_2020_EPI_ISL_407073                                    1.22%    passed     99.92%
  59  BetaCoV_Finland_1_2020_EPI_ISL_407079                                     1.72%    passed     99.75%
  60  BetaCoV_Japan_AI_I_004_2020_EPI_ISL_407084                                1.18%    passed     99.97%
  61  BetaCoV_Korea_KCDC03_2020_EPI_ISL_407193                                  1.28%    passed     99.96%
  62  BetaCoV_USA_WA1_A12_2020_EPI_ISL_407214                                   1.07%    passed     99.99%
  63  BetaCoV_USA_WA1_F6_2020_EPI_ISL_407215                                    1.07%    passed     99.99%
  64  BetaCoV_Hangzhou_HZCDC0001_2020_EPI_ISL_407313                            1.22%    passed     99.94%
  65  BetaCoV_Australia_NSW01_2020_EPI_ISL_407893                               1.40%    passed     99.93%
  66  BetaCoV_Australia_QLD01_2020_EPI_ISL_407894                               1.22%    passed     99.96%
  67  BetaCoV_Australia_QLD02_2020_EPI_ISL_407896                               1.13%    passed     99.94%
  68  BetaCoV_Belgium_GHB_03021_2020_EPI_ISL_407976                             1.15%    passed    100.00%
  69  BetaCoV_Singapore_2_2020_EPI_ISL_407987                                   1.20%    passed     99.96%
  70  BetaCoV_Singapore_3_2020_EPI_ISL_407988                                   1.20%    passed     99.96%
  71  BetaCoV_USA_CA3_2020_EPI_ISL_408008                                       1.07%    passed     99.99%
  72  BetaCoV_USA_CA4_2020_EPI_ISL_408009                                       1.07%    passed     99.99%
  73  BetaCoV_USA_CA5_2020_EPI_ISL_408010                                       1.07%    passed     99.99%
  74  BetaCoV_France_IDF0515_2020_EPI_ISL_408430                                1.13%    passed     99.91%
  75  BetaCov_France_IDF0626_2020_EPI_ISL_408431                                1.17%    passed     99.94%
  76  BetaCoV_Chongqing_YC01_2020_EPI_ISL_408478                                1.04%    passed     99.94%
  77  BetaCoV_Chongqing_ZX01_2020_EPI_ISL_408479                                1.04%    passed     99.97%
  78  BetaCoV_Yunnan_IVDC_YN_003_2020_EPI_ISL_408480                            1.06%    passed     99.99%
  79  BetaCoV_Chongqing_IVDC_CQ_001_2020_EPI_ISL_408481                         1.06%    passed     99.99%
  80  BetaCoV_Shandong_IVDC_SD_001_2020_EPI_ISL_408482                          1.08%    passed     99.97%
  81  BetaCoV_Shanghai_IVDC_SH_001_2020_EPI_ISL_408483                          2.10%    passed     99.39%
  82  BetaCoV_Sichuan_IVDC_SC_001_2020_EPI_ISL_408484                           1.09%    passed     99.98%
  83  BetaCoV_Beijing_IVDC_BJ_005_2020_EPI_ISL_408485                           1.06%    passed     99.86%
  84  BetaCoV_Jiangxi_IVDC_JX_002_2020_EPI_ISL_408486                           1.09%    passed     99.98%
  85  BetaCoV_Henan_IVDC_HeN_002_2020_EPI_ISL_408487                            3.33%    passed     90.95%
  86  BetaCoV_Jiangsu_IVDC_JS_001_2020_EPI_ISL_408488                           1.29%    passed     99.94%
  87  BetaCoV_Taiwan_NTU01_2020_EPI_ISL_408489                                  2.43%    passed     99.69%
  88  BetaCoV_Wuhan_IVDC_HB_envF13_2020_EPI_ISL_408511                          5.48%    passed     81.04%
  89  BetaCoV_Wuhan_IVDC_HB_envF54_2020_EPI_ISL_408512                         16.15%    passed     57.29%
  90  BetaCoV_Wuhan_IVDC_HB_envF13_20_2020_EPI_ISL_408514                       1.04%    passed     99.95%
  91  BetaCoV_Wuhan_IVDC_HB_envF13_21_2020_EPI_ISL_408515                       1.04%    passed     99.98%
  92  BetaCoV_Japan_TY_WK_012_2020_EPI_ISL_408665                               1.08%    passed     99.99%
  93  BetaCoV_Japan_TY_WK_501_2020_EPI_ISL_408666                               1.08%    passed     99.99%
  94  BetaCoV_Japan_TY_WK_521_2020_EPI_ISL_408667                               1.08%    passed     99.99%
  95  BetaCoV_Vietnam_VR03_38142_2020_EPI_ISL_408668                            1.05%    passed     99.97%
  96  BetaCoV_Japan_KY_V_029_2020_EPI_ISL_408669                                1.08%    passed     99.99%
  97  BetaCoV_USA_WI1_2020_EPI_ISL_408670                                       1.08%    passed    100.00%
  98  BetaCoV_Sydney_2_2020_EPI_ISL_408976                                      1.54%    passed     99.84%
  99  BetaCoV_Sydney_3_2020_EPI_ISL_408977                                      1.40%    passed     99.93%
 100  BetaCoV_Wuhan_WH05_2020_EPI_ISL_408978                                    6.59%    passed     35.28%
 101  BetaCoV_USA_MA1_2020_EPI_ISL_409067                                       1.07%    passed     99.98%
 102  BetaCoV_USA_CA6_2020_EPI_ISL_410044                                       1.15%    passed    100.00%
 103  BetaCoV_USA_IL2_2020_EPI_ISL_410045                                       1.07%    passed    100.00%
 104  BetaCov_Taiwan_NTU02_2020_EPI_ISL_410218                                  1.11%    passed     99.95%
 105  BetaCoV_Nepal_61_2020_EPI_ISL_410301                                      1.30%    passed     99.97%
 106  BetaCoV_France_RA739_2020_EPI_ISL_410486                                  4.19%    passed     99.71%
 107  BetaCoV_Japan_NA_20_05_1_2020_EPI_ISL_410531                              1.08%    passed    100.00%
 108  BetaCoV_Japan_OS_20_07_1_2020_EPI_ISL_410532                              1.08%    passed    100.00%
 109  BetaCoV_Singapore_4_2020_EPI_ISL_410535                                   2.64%    passed     99.05%
 110  BetaCoV_Singapore_5_2020_EPI_ISL_410536                                   1.20%    passed     99.96%
 111  BetaCoV_Singapore_6_2020_EPI_ISL_410537                                   1.24%    passed     99.95%
 112  BetaCoV_pangolin_Guangxi_P4L_2017_EPI_ISL_410538                          1.32%    passed     17.07%
 113  BetaCoV_pangolin_Guangxi_P1E_2017_EPI_ISL_410539                          1.34%    passed     18.49%
 114  BetaCoV_pangolin_Guangxi_P5L_2017_EPI_ISL_410540                          1.32%    passed     19.21%
 115  BetaCoV_pangolin_Guangxi_P5E_2017_EPI_ISL_410541                          1.33%    passed     15.47%
 116  BetaCoV_pangolin_Guangxi_P2V_2017_EPI_ISL_410542                          1.39%    passed     18.28%
 117  BetaCoV_pangolin_Guangxi_P3B_2017_EPI_ISL_410543                          9.42%    passed     10.36%
 118  BetaCoV_pangolin_Guangdong_P2S_2019_EPI_ISL_410544                       28.89%    passed      5.28%
 119  BetaCoV_Italy_INMI1_isl_2020_EPI_ISL_410545                               1.12%    passed     99.94%
 120  BetaCoV_Italy_INMI1_cs_2020_EPI_ISL_410546                                1.39%    passed     99.93%
 121  BetaCoV_Singapore_7_2020_EPI_ISL_410713                                   1.04%    passed     99.96%
 122  BetaCoV_Singapore_8_2020_EPI_ISL_410714                                   1.48%    passed     99.86%
 123  BetaCoV_Singapore_9_2020_EPI_ISL_410715                                   1.04%    passed     99.96%
 124  BetaCoV_Singapore_10_2020_EPI_ISL_410716                                  1.05%    passed     99.97%
 125  BetaCoV_Australia_QLD03_2020_EPI_ISL_410717                               1.13%    passed     99.98%
 126  BetaCoV_Australia_QLD04_2020_EPI_ISL_410718                               1.13%    passed     99.97%
 127  BetaCoV_Singapore_11_2020_EPI_ISL_410719                                  1.19%    passed     99.93%
 128  BetaCoV_France_IDF0372_2020_EPI_ISL_410720                                1.10%    passed     99.98%
 129  BetaCoV_pangolin_Guandong_1_2020_EPI_ISL_410721                           1.78%    passed     59.76%
 130  BetaCoV_France_IDF0515_isl_2020_EPI_ISL_410984                            1.11%    passed     99.95%
 131  BetaCoV_Fujian_8_2020_EPI_ISL_411060                                      1.11%    passed     99.97%
 132  BetaCoV_Fujian_13_2020_EPI_ISL_411066                                     1.04%    passed     99.95%
 133  BetaCoV_France_IDF0571_2020_EPI_ISL_411218                                1.10%    passed     99.96%
 134  BetaCoV_France_IDF0386_2020_EPI_ISL_411219                                1.10%    passed     99.97%
 135  BetaCoV_France_IDF0386_2020_EPI_ISL_411220                                1.08%    passed     99.99%
 136  BetaCoV_Cambodia_0012_2020_EPI_ISL_411902                                 1.10%    passed     99.98%
 137  BetaCoV_Taiwan_CGMH_CGU_01_2020_EPI_ISL_411915                            1.14%    passed     99.99%
 138  BetaCoV_Taiwan_3_2020_EPI_ISL_411926                                      1.04%    passed     99.98%
 139  BetaCoV_Taiwan_4_2020_EPI_ISL_411927                                      1.04%    passed     99.98%
 140  BetaCoV_South_Korea_SNU01_2020_EPI_ISL_411929                             1.00%    passed     99.67%
 141  BetaCoV_Jiangsu_JS01_2020_EPI_ISL_411950                                  1.04%    passed     99.94%
 142  BetaCoV_Sweden_01_2020_EPI_ISL_411951                                     1.06%    passed    100.00%
 143  BetaCoV_Jiangsu_JS02_2020_EPI_ISL_411952                                  1.04%    passed     99.92%
 144  BetaCoV_Jiangsu_JS03_2020_EPI_ISL_411953                                  1.04%    passed     99.97%
 145  BetaCoV_USA_CA7_2020_EPI_ISL_411954                                       1.07%    passed     99.99%
 146  BetaCoV_USA_CA8_2020_EPI_ISL_411955                                       1.07%    passed    100.00%
 147  BetaCoV_USA_TX1_2020_EPI_ISL_411956                                       1.07%    passed    100.00%
 148  BetaCoV_China_WH_09_2020_EPI_ISL_411957                                   0.97%    passed     99.99%
 149  BetaCoV_Hefei_2_2020_EPI_ISL_412026                                       1.11%    passed     99.97%
 150  BetaCoV_Hong_Kong_VM20001061_2020_EPI_ISL_412028                          1.18%    passed     99.94%
 151  BetaCoV_Hong_Kong_VM20001988_2020_EPI_ISL_412029                          1.36%    passed     99.90%
 152  BetaCoV_Hong_Kong_VB20026565_2020_EPI_ISL_412030                          1.20%    passed     99.96%
 153  BetaCoV_England_03_2020_EPI_ISL_412116                                    1.21%    passed     99.96%
 154  BetaCoV_Jingzhou_HBCDC_HB_01_2020_EPI_ISL_412459                          1.18%    passed     99.90%
 155  BetaCoV_pangolin_China_MP789_2019_EPI_ISL_412860                         16.10%    passed     28.49%
 156  BetaCoV_USA_CA9_2020_EPI_ISL_412862                                       1.07%    passed     99.99%
 157  BetaCoV_Korea_KCDC05_2020_EPI_ISL_412869                                  1.38%    passed     99.96%
 158  BetaCoV_Korea_KCDC06_2020_EPI_ISL_412870                                  1.38%    passed     99.96%
 159  BetaCoV_Korea_KCDC07_2020_EPI_ISL_412871                                  1.38%    passed     99.92%
 160  BetaCoV_Korea_KCDC12_2020_EPI_ISL_412872                                  1.38%    passed     99.91%
 161  BetaCoV_Korea_KCDC24_2020_EPI_ISL_412873                                  1.38%    passed     99.94%
 162  _BetaCoV_Wuhan_HBCDC_HB_02_2019_EPI_ISL_412898                            1.18%    passed     99.92%
 163  _BetaCoV_Wuhan_HBCDC_HB_03_2019_EPI_ISL_412899                            1.18%    passed     99.93%
 164  _BetaCoV_Wuhan_HBCDC_HB_04_2019_EPI_ISL_412900                            3.32%    passed     96.41%
 165  BetaCoV_Germany_Baden_Wuerttemberg_1_2020_EPI_ISL_412912                  1.49%    passed     99.93%
 166  BetaCoV_Brazil_SPBR_01_2020_EPI_ISL_412964                                5.01%    passed     95.03%
 167  BetaCoV_Canada_BC_37_0_2_2020_EPI_ISL_412965                              2.29%    passed     99.96%
 168  BetaCoV_China_IQTC01_2020_EPI_ISL_412966                                  1.04%    passed     99.98%
 169  BetaCoV_China_IQTC02_2020_EPI_ISL_412967                                  0.92%    passed     99.96%
 170  BetaCoV_Japan_Hu_DP_Kng_19_020_2020_EPI_ISL_412968                        1.00%    passed     99.97%
 171  BetaCoV_Japan_Hu_DP_Kng_19_027_2020_EPI_ISL_412969                        1.00%    passed     99.99%
 172  BetaCoVUSA_WA2_2020_EPI_ISL_412970                                        1.18%    passed     99.92%
 173  BetaCoV_Finland_FIN_25_2020_EPI_ISL_412971                                2.75%    passed     98.90%
 174  BetaCoV_Mexico_CDMX_InDRE_01_2020_EPI_ISL_412972                          1.19%    passed     99.93%
 175  BetaCoV_Italy_CDG1_2020_EPI_ISL_412973                                    1.01%    passed     99.76%
 176  BetaCoV_Italy_SPL1_2020__EPI_ISL_412974                                   1.00%    passed     99.77%
 177  BetaCoV_Australia_NSW05_2020_EPI_ISL_412975                               1.40%    passed     99.96%
 178  _BetaCoV_Wuhan_HBCDC_HB_02_2020_EPI_ISL_412978                            1.19%    passed     99.94%
 179  _BetaCoV_Wuhan_HBCDC_HB_03_2020_EPI_ISL_412979                            1.18%    passed     99.93%
 180  _BetaCoV_Wuhan_HBCDC_HB_04_2020_EPI_ISL_412980                            1.19%    passed     99.91%
 181  _BetaCoV_Wuhan_HBCDC_HB_05_2020_EPI_ISL_412981                            1.20%    passed     99.93%
 182  _BetaCoV_Wuhan_HBCDC_HB_06_2020_EPI_ISL_412982                            1.22%    passed     99.94%
 183  BetaCoV_Tianmen_HBCDC_HB_07_2020_EPI_ISL_412983                           1.69%    passed     99.87%
 184  BetaCoV_Canada_ON_PHL2445_2020_EPI_ISL_413014                             1.17%    passed     99.84%
 185  BetaCoV_Canada_ON_VIDO_01_2020_EPI_ISL_413015                             1.08%    passed     99.93%
 186  BetaCov_Brazil_SPBR_02_2020_EPI_ISL_413016                                1.40%    passed     99.92%
 187  BetaCoV_South_Korea_KUMC01_2020_EPI_ISL_413017                            1.07%    passed     99.79%
 188  BetaCoV_South_Korea_KUMC02_2020_EPI_ISL_413018                            1.15%    passed     99.94%
 189  BetaCoV_Switzerland_1000477102_2020_EPI_ISL_413019                        1.08%    passed     99.94%
 190  BetaCoV_Switzerland_1000477377_2020_EPI_ISL_413020                        1.16%    passed     99.93%
 191  BetaCoV_Switzerland_1000477757_2020_EPI_ISL_413021                        1.10%    passed     99.97%
 192  BetaCoV_Switzerland_1000477796_2020_EPI_ISL_413022                        1.19%    passed     99.96%
 193  BetaCoV_Switzerland_1000477797_2020_EPI_ISL_413023                        1.38%    passed     99.87%
 194  BetaCoV_Switzerland_1000477806_2020_EPI_ISL_413024                        1.11%    passed     99.96%
 195  BetaCoV_USA_WA3_UW1_2020_EPI_ISL_413025                                   1.00%    passed     99.55%
 196  BetaCoV_Australia_NSW06_2020_EPI_ISL_413213                               1.40%    passed     99.93%
 197  BetaCoV_Australia_NSW07_2020_EPI_ISL_413214                               1.40%    passed     99.97%
 198  BetaCoV_Scotland_CVR01_2020_EPI_ISL_413221                                3.24%    passed     99.93%
 199  BetaCoV_USA_WA_S2_2020_EPI_ISL_413456                                     1.15%    passed     99.94%
 200  BetaCoV_USA_WA6_UW3_2020_EPI_ISL_413457                                   1.00%    passed     99.87%
 201  BetaCoV_USA_WA7_UW4_2020_EPI_ISL_413458                                   1.00%    passed     99.81%
 202  BetaCoV_Japan_TK_20_31_3_2020_EPI_ISL_413459                              1.89%    passed     99.59%
 203  BetaCoV_Anhui_SZ005_2020_EPI_ISL_413485                                   1.14%    passed     99.93%
 204  BetaCoV_USA_WA8_UW5_2020_EPI_ISL_413486                                   1.57%    passed     99.47%
 205  BetaCoV_USA_WA9_UW6_2020_EPI_ISL_413487                                   3.02%    passed     85.60%
 206  BetaCoV_Germany_NRW_01_2020_EPI_ISL_413488                                1.52%    passed     99.91%
 207  BetaCoV_Italy_UniSR1_2020_EPI_ISL_413489                                  1.06%    passed     99.99%
 208  BetaCoV_New_Zealand_01_2020_EPI_ISL_413490                                1.42%    passed     99.98%
 209  hCoV_19_South_Korea_KUMC03_2020_EPI_ISL_413513                            1.15%    passed     99.96%
 210  hCoV_19_South_Korea_KUMC04_2020_EPI_ISL_413514                            1.15%    passed     99.96%
 211  hCoV_19_South_Korea_KUMC05_2020_EPI_ISL_413515                            1.16%    passed     99.95%
 212  hCoV_19_South_Korea_KUMC06_2020_EPI_ISL_413516                            1.15%    passed     99.96%
 213  BetaCoV_Beijing_105_2020_EPI_ISL_413518                                   1.00%    passed     99.79%
 214  BetaCoV_Beijing_231_2020_EPI_ISL_413519                                   1.00%    passed     99.79%
 215  BetaCoV_Beijing_233_2020_EPI_ISL_413520                                   1.00%    passed     99.82%
 216  BetaCoV_Beijing_235_2020_EPI_ISL_413521                                   1.00%    passed     99.79%
 217  BetaCoV_India_1_27_2020_EPI_ISL_413522                                    1.16%    passed     99.96%
 218  BetaCoV_India_1_31_2020_EPI_ISL_413523                                    1.17%    passed     99.93%
 219  hCoV_19_Nigeria_Lagos01_2020_EPI_ISL_413550                               2.61%    passed     97.72%
 220  hCoV_19_Wales_PHW1_2020_EPI_ISL_413555                                    1.40%    passed     99.84%
 221  hCoV_19_Wales_PHW2_2020_EPI_ISL_413556                                    2.29%    passed     99.94%
 222  hCoV_19_USA_CA_CDPH_UC1_2020_EPI_ISL_413557                               1.25%    passed     99.99%
 223  hCoV_19_USA_CA_CDPH_UC2_2020_EPI_ISL_413558                               1.13%    passed     99.81%
 224  hCoV_19_USA_CA_CDPH_UC3_2020_EPI_ISL_413559                               1.25%    passed     99.92%
 225  hCoV_19_USA_WA_S3_2020_EPI_ISL_413560                                     1.12%    passed     99.93%
 226  hCoV_19_USA_CA_CDPH_UC4_2020_EPI_ISL_413561                               1.34%    passed     99.94%
 227  hCoV_19_USA_WA11_UW7_2020_EPI_ISL_413562                                  1.99%    passed     97.04%
 228  hCoV_19_USA_WA12_UW8_2020_EPI_ISL_413563                                  1.02%    passed     99.83%
 229  hCoV_19_Netherlands_Andel_1365066_2020_EPI_ISL_413564                     2.06%    passed     99.98%
 230  hCoV_19_Netherlands_Berlicum_1363564_2020_EPI_ISL_413565                  3.33%    passed     98.41%
 231  hCoV_19_Netherlands_Blaricum_1364780_2020_EPI_ISL_413566                  1.39%    passed     99.78%
 232  hCoV_19_Netherlands_Coevorden_1363618_2020_EPI_ISL_413567                 2.88%    passed     99.95%
 233  hCoV_19_Netherlands_Dalen_1363624_2020_EPI_ISL_413568                     2.06%    passed     99.97%
 234  hCoV_19_Netherlands_Delft_1363424_2020_EPI_ISL_413569                     2.84%    passed     99.99%
 235  hCoV_19_Netherlands_Diemen_1363454_2020_EPI_ISL_413570                    2.84%    passed     99.99%
 236  hCoV_19_Netherlands_Eindhoven_1363782_2020_EPI_ISL_413571                 2.05%    passed     99.90%
 237  hCoV_19_Netherlands_Haarlem_1363688_2020_EPI_ISL_413572                   1.39%    passed     99.78%
 238  hCoV_19_Netherlands_Hardinxveld_Giessendam_1364806_2020_EPI_ISL_413573    1.40%    passed     99.90%
 239  hCoV_19_Netherlands_Helmond_1363548_2020_EPI_ISL_413574                   2.05%    passed     99.95%
 240  hCoV_19_NetherlandsL_Houten_1363498_2020_EPI_ISL_413575                   2.84%    passed    100.00%
 241  hCoV_19_Netherlands_Loon_op_zand_1363512_2020_EPI_ISL_413576              2.88%    passed     99.95%
 242  hCoV_19_Netherlands_Naarden_1364774_2020_EPI_ISL_413577                   1.40%    passed     99.92%
 243  hCoV_19_Netherlands_Nieuwendijk_1363582_2020_EPI_ISL_413578               3.86%    passed     99.87%
 244  hCoV_19_Netherlands_Nootdorp_1364222_2020_EPI_ISL_413579                  1.39%    passed     99.87%
 245  hCoV_19_Netherlands_Oisterwijk_1364072_2020_EPI_ISL_413580                1.40%    passed     99.90%
 246  hCoV_19_Netherlands_Oss_1363500_2020_EPI_ISL_413581                       3.52%    passed     99.90%
 247  hCoV_19_Netherlands_Rotterdam_1363790_2020_EPI_ISL_413582                 1.40%    passed     99.88%
 248  hCoV_19_Netherlands_Rotterdam_1364040_2020_EPI_ISL_413583                 1.40%    passed     99.92%
 249  hCoV_19_Netherlands_Rotterdam_1364740_2020_EPI_ISL_413584                 1.39%    passed     99.84%
 250  hCoV_19_Netherlands_Tilburg__2020_EPI_ISL_413585                          3.62%    passed     99.75%
 251  hCoV_19_Netherlands_Tilburg_1363354_2020_EPI_ISL_413586                   4.67%    passed     99.99%
 252  hCoV_19_Netherlands_Tilburg_1364286_2020_EPI_ISL_413587                   1.39%    passed     99.87%
 253  hCoV_19_Netherlands_Utrecht_1363564_2020_EPI_ISL_413588                   2.05%    passed     99.85%
 254  hCoV_19_Netherlands_Utrecht_1363628_2020_EPI_ISL_413589                   1.39%    passed     99.73%
 255  hCoV_19_Netherlands_Utrecht_1364066_2020_EPI_ISL_413590                   1.40%    passed     99.90%
 256  hCoV_19_Netherlands_Zeewolde_1365080_2020_EPI_ISL_413591                  1.39%    passed     99.78%
 257  hCoV_19_Taiwan_NTU03_2020_EPI_ISL_413592                                  1.12%    passed     99.88%
 258  hCoV_19_Luxemburg_Lux1_2020_EPI_ISL_413593                                1.39%    passed     99.74%
 259  hCoV_19_Australia_NSW08_2020_EPI_ISL_413594                               2.64%    passed     99.00%
 260  hCoV_19_Australia_NSW09_2020_EPI_ISL_413595                               2.64%    passed     98.43%
 261  hCoV_19_Australia_NSW10_2020_EPI_ISL_413596                               2.64%    passed     99.06%
 262  hCoV_19_Australia_NSW11_2020_EPI_ISL_413597                               2.64%    passed     98.82%
 263  hCoV_19_Australia_NSW12_2020_EPI_ISL_413598                               2.64%    passed     98.43%
 264  hCoV_19_Australia_NSW13_2020_EPI_ISL_413599                               2.64%    passed     98.65%
 265  hCoV_19_Australia_NSW14_2020_EPI_ISL_413600                               2.64%    passed     99.07%
 266  hCoV_19_USA_WA13_UW9_2020_EPI_ISL_413601                                  2.90%    passed     90.81%
 267  hCoV_19_Finland_FIN03032020A_2020_EPI_ISL_413602                          1.31%    passed     99.94%
 268  hCoV_19_Finland_FIN03032020B_2020_EPI_ISL_413603                          1.22%    passed     99.95%
 269  hCoV_19_Finland_FIN03032020C_2020_EPI_ISL_413604                          1.42%    passed     99.96%
 270  hCoV_19_Finland_FIN01032020_2020_EPI_ISL_413605                           2.59%    passed     99.86%
 271  hCoV_19_USA_CruiseA_1_2020_EPI_ISL_413606                                 1.07%    passed     99.99%
 272  hCoV_19_USA_CruiseA_2_2020_EPI_ISL_413607                                 1.07%    passed     99.99%
 273  hCoV_19_USA_CruiseA_3_2020_EPI_ISL_413608                                 1.07%    passed    100.00%
 274  hCoV_19_USA_CruiseA_4_2020_EPI_ISL_413609                                 1.07%    passed     99.98%
 275  hCoV_19_USA_CruiseA_5_2020_EPI_ISL_413610                                 1.07%    passed    100.00%
 276  hCoV_19_USA_CruiseA_6_2020_EPI_ISL_413611                                 1.07%    passed     99.99%
 277  hCoV_19_USA_CruiseA_7_2020_EPI_ISL_413612                                 1.07%    passed     99.98%
 278  hCoV_19_USA_CruiseA_8_2020_EPI_ISL_413613                                 1.07%    passed     99.99%
 279  hCoV_19_USA_CruiseA_9_2020_EPI_ISL_413614                                 1.07%    passed    100.00%
 280  hCoV_19_USA_CruiseA_10_2020_EPI_ISL_413615                                1.07%    passed    100.00%
 281  hCoV_19_USA_CruiseA_11_2020_EPI_ISL_413616                                1.07%    passed     99.99%
 282  hCoV_19_USA_CruiseA_12_2020_EPI_ISL_413617                                1.07%    passed     99.99%
 283  hCoV_19_USA_CruiseA_13_2020_EPI_ISL_413618                                1.07%    passed    100.00%
 284  hCoV_19_USA_CruiseA_14_2020_EPI_ISL_413619                                1.07%    passed     99.98%
 285  hCoV_19_USA_CruiseA_15_2020_EPI_ISL_413620                                1.07%    passed    100.00%
 286  hCoV_19_USA_CruiseA_16_2020_EPI_ISL_413621                                1.07%    passed    100.00%
 287  hCoV_19_USA_CruiseA_17_2020_EPI_ISL_413622                                1.07%    passed    100.00%
 288  hCoV_19_USA_CruiseA_18_2020_EPI_ISL_413623                                1.12%    passed     99.99%
****  TOTAL                                                                     1.78%  0 sequences failed composition chi2 test (p-value<5%; df=3)
NOTE: BetaCoV_Wuhan_WIV04_2019_EPI_ISL_402124 is identical to BetaCoV_Wuhan_IVDC_HB_01_2019_EPI_ISL_402119 but kept for subsequent analysis
NOTE: BetaCoV_Guangdong_20SF013_2020_EPI_ISL_403933 is identical to BetaCoV_Guangdong_20SF012_2020_EPI_ISL_403932 but kept for subsequent analysis
NOTE: BetaCoV_Guangdong_20SF040_2020_EPI_ISL_403937 is identical to BetaCoV_Guangdong_20SF028_2020_EPI_ISL_403936 but kept for subsequent analysis
NOTE: _BetaCoV_Wuhan_HBCDC_HB_03_2019_EPI_ISL_412899 is identical to BetaCoV_Nonthaburi_61_2020_EPI_ISL_403962 but kept for subsequent analysis
NOTE: BetaCoV_USA_WA1_A12_2020_EPI_ISL_407214 is identical to BetaCoV_USA_WA1_2020_EPI_ISL_404895 but kept for subsequent analysis
NOTE: BetaCoV_China_WHU02_2020_EPI_ISL_406717 is identical to BetaCoV_China_WHU01_2020_EPI_ISL_406716 but kept for subsequent analysis
NOTE: BetaCoV_USA_CA4_2020_EPI_ISL_408009 is identical to BetaCoV_USA_CA3_2020_EPI_ISL_408008 but kept for subsequent analysis
NOTE: BetaCoV_Japan_OS_20_07_1_2020_EPI_ISL_410532 is identical to BetaCoV_Japan_NA_20_05_1_2020_EPI_ISL_410531 but kept for subsequent analysis
NOTE: hCoV_19_South_Korea_KUMC04_2020_EPI_ISL_413514 is identical to hCoV_19_South_Korea_KUMC03_2020_EPI_ISL_413513 but kept for subsequent analysis
NOTE: BetaCoV_Beijing_231_2020_EPI_ISL_413519 is identical to BetaCoV_Beijing_105_2020_EPI_ISL_413518 but kept for subsequent analysis
NOTE: hCoV_19_Netherlands_Zeewolde_1365080_2020_EPI_ISL_413591 is identical to hCoV_19_Netherlands_Blaricum_1364780_2020_EPI_ISL_413566 but kept for subsequent analysis
NOTE: hCoV_19_Netherlands_Loon_op_zand_1363512_2020_EPI_ISL_413576 is identical to hCoV_19_Netherlands_Coevorden_1363618_2020_EPI_ISL_413567 but kept for subsequent analysis
NOTE: hCoV_19_Netherlands_Rotterdam_1364040_2020_EPI_ISL_413583 is identical to hCoV_19_Netherlands_Naarden_1364774_2020_EPI_ISL_413577 but kept for subsequent analysis
NOTE: hCoV_19_Netherlands_Tilburg_1364286_2020_EPI_ISL_413587 is identical to hCoV_19_Netherlands_Nootdorp_1364222_2020_EPI_ISL_413579 but kept for subsequent analysis
NOTE: hCoV_19_Netherlands_Utrecht_1364066_2020_EPI_ISL_413590 is identical to hCoV_19_Netherlands_Oisterwijk_1364072_2020_EPI_ISL_413580 but kept for subsequent analysis
NOTE: hCoV_19_Australia_NSW12_2020_EPI_ISL_413598 is identical to hCoV_19_Australia_NSW09_2020_EPI_ISL_413595 but kept for subsequent analysis
NOTE: hCoV_19_USA_CruiseA_5_2020_EPI_ISL_413610 is identical to hCoV_19_USA_CruiseA_3_2020_EPI_ISL_413608 but kept for subsequent analysis
NOTE: 10 identical sequences (see below) will be ignored for subsequent analysis
NOTE: BetaCoV_Chongqing_ZX01_2020_EPI_ISL_408479 (identical to BetaCoV_Wuhan_IVDC_HB_01_2019_EPI_ISL_402119) is ignored but added at the end
NOTE: BetaCoV_Jiangsu_JS03_2020_EPI_ISL_411953 (identical to BetaCoV_Wuhan_IVDC_HB_01_2019_EPI_ISL_402119) is ignored but added at the end
NOTE: BetaCoV_Guangdong_20SF025_2020_EPI_ISL_403935 (identical to BetaCoV_Guangdong_20SF012_2020_EPI_ISL_403932) is ignored but added at the end
NOTE: BetaCoV_USA_WA1_F6_2020_EPI_ISL_407215 (identical to BetaCoV_USA_WA1_2020_EPI_ISL_404895) is ignored but added at the end
NOTE: hCoV_19_South_Korea_KUMC06_2020_EPI_ISL_413516 (identical to hCoV_19_South_Korea_KUMC03_2020_EPI_ISL_413513) is ignored but added at the end
NOTE: BetaCoV_Beijing_235_2020_EPI_ISL_413521 (identical to BetaCoV_Beijing_105_2020_EPI_ISL_413518) is ignored but added at the end
NOTE: hCoV_19_USA_CruiseA_9_2020_EPI_ISL_413614 (identical to hCoV_19_USA_CruiseA_3_2020_EPI_ISL_413608) is ignored but added at the end
NOTE: hCoV_19_USA_CruiseA_13_2020_EPI_ISL_413618 (identical to hCoV_19_USA_CruiseA_3_2020_EPI_ISL_413608) is ignored but added at the end
NOTE: hCoV_19_USA_CruiseA_15_2020_EPI_ISL_413620 (identical to hCoV_19_USA_CruiseA_3_2020_EPI_ISL_413608) is ignored but added at the end
NOTE: hCoV_19_USA_CruiseA_16_2020_EPI_ISL_413621 (identical to hCoV_19_USA_CruiseA_3_2020_EPI_ISL_413608) is ignored but added at the end

For your convenience alignment with unique sequences printed to /home/a1moshir/COVID19_2020-03-08/output_files/sequences_safe.aln.uniqueseq.phy


Create initial parsimony tree by phylogenetic likelihood library (PLL)... 0.159 seconds
NOTE: ModelFinder requires 340 MB RAM!
ModelFinder will test 286 DNA models (sample size: 30205) ...
 No. Model         -LnL         df  AIC          AICc         BIC
Measuring multi-threading efficiency up to 24 CPU cores
Increase to 10 rounds for branch lengths
50 trees examined
Threads: 1 / Time: 24.106 sec / Speedup: 1.000 / Efficiency: 100% / LogL: -192211
Threads: 2 / Time: 12.589 sec / Speedup: 1.915 / Efficiency: 96% / LogL: -192211
Threads: 3 / Time: 8.273 sec / Speedup: 2.914 / Efficiency: 97% / LogL: -192211
Threads: 4 / Time: 7.125 sec / Speedup: 3.384 / Efficiency: 85% / LogL: -192211
Threads: 5 / Time: 8.720 sec / Speedup: 2.765 / Efficiency: 55% / LogL: -192211
BEST NUMBER OF THREADS: 4

  1  JC            83011.931    553 167129.863   167150.527   171728.479
  2  JC+I          82722.328    554 166552.657   166573.397   171159.589
  3  JC+G4         82714.617    554 166537.233   166557.973   171144.166
  4  JC+I+G4       82714.721    555 166539.443   166560.258   171154.691
  5  JC+R2         82717.605    555 166545.211   166566.026   171160.459
  6  JC+R3         82716.785    557 166547.569   166568.536   171179.449
 14  F81+F         81970.336    556 165052.672   165073.563   169676.236
 15  F81+F+I       81655.625    557 164425.250   164446.217   169057.130
 16  F81+F+G4      81647.907    557 164409.814   164430.781   169041.694
 17  F81+F+I+G4    81647.613    558 164411.227   164432.270   169051.422
 18  F81+F+R2      81647.329    558 164410.657   164431.701   169050.853
 19  F81+F+R3      81645.440    560 164410.880   164432.076   169067.708
 27  K2P           81759.027    554 164626.054   164646.794   169232.986
 28  K2P+I         81380.074    555 163870.148   163890.963   168485.396
 29  K2P+G4        81371.798    555 163853.597   163874.412   168468.845
 30  K2P+I+G4      81370.292    556 163852.584   163873.475   168476.148
 31  K2P+R2        81370.665    556 163853.330   163874.222   168476.894
 32  K2P+R3        81369.249    558 163854.497   163875.540   168494.693
 40  HKY+F         80577.546    557 162269.092   162290.059   166900.971
 41  HKY+F+I       80136.504    558 161389.008   161410.052   166029.204
 42  HKY+F+G4      80128.444    558 161372.888   161393.931   166013.084
 43  HKY+F+I+G4    80126.411    559 161370.822   161391.941   166019.333
 44  HKY+F+R2      80127.730    559 161373.459   161394.579   166021.971
 45  HKY+F+R3      80126.996    561 161375.991   161397.263   166041.134
 53  TNe           81597.506    555 164305.012   164325.828   168920.260
 54  TNe+I         81232.543    556 163577.085   163597.976   168200.649
 55  TNe+G4        81221.757    556 163555.514   163576.405   168179.078
 56  TNe+I+G4      81220.681    557 163555.361   163576.328   168187.241
 57  TNe+R2        81218.325    557 163550.651   163571.618   168182.531
 58  TNe+R3        81216.177    559 163550.355   163571.474   168198.866
 66  TN+F          80403.952    558 161923.903   161944.946   166564.099
 67  TN+F+I        79980.555    559 161079.110   161100.229   165727.621
 68  TN+F+G4       79968.686    559 161055.373   161076.492   165703.884
 69  TN+F+I+G4     79966.986    560 161053.971   161075.167   165710.798
 70  TN+F+R2       79966.759    560 161053.518   161074.714   165710.346
 71  TN+F+R3       79966.024    562 161056.047   161077.396   165729.506
 79  K3P           81666.677    555 164443.355   164464.170   169058.603
 80  K3P+I         81294.994    556 163701.988   163722.879   168325.552
 81  K3P+G4        81286.739    556 163685.478   163706.369   168309.042
 82  K3P+I+G4      81285.271    557 163684.542   163705.509   168316.422
 83  K3P+R2        81284.464    557 163682.927   163703.894   168314.807
 84  K3P+R3        81282.785    559 163683.571   163704.690   168332.082
 92  K3Pu+F        80520.036    558 162156.072   162177.115   166796.267
 93  K3Pu+F+I      80087.212    559 161292.424   161313.543   165940.935
 94  K3Pu+F+G4     80079.703    559 161277.406   161298.525   165925.917
 95  K3Pu+F+I+G4   80077.685    560 161275.371   161296.566   165932.198
 96  K3Pu+F+R2     80079.884    560 161279.768   161300.964   165936.595
 97  K3Pu+F+R3     80079.425    562 161282.851   161304.199   165956.309
105  TPM2+F        80440.641    558 161997.282   162018.325   166637.477
106  TPM2+F+I      80026.414    559 161170.829   161191.948   165819.340
107  TPM2+F+G4     80018.007    559 161154.014   161175.133   165802.525
108  TPM2+F+I+G4   80016.261    560 161152.522   161173.718   165809.349
109  TPM2+F+R2     80016.368    560 161152.736   161173.931   165809.563
110  TPM2+F+R3     80015.496    562 161154.991   161176.340   165828.450
118  TPM2u+F       80440.464    558 161996.928   162017.971   166637.124
119  TPM2u+F+I     80026.252    559 161170.505   161191.624   165819.016
120  TPM2u+F+G4    80017.800    559 161153.599   161174.719   165802.111
121  TPM2u+F+I+G4  80016.062    560 161152.124   161173.319   165808.951
122  TPM2u+F+R2    80016.236    560 161152.472   161173.667   165809.299
123  TPM2u+F+R3    80015.370    562 161154.740   161176.089   165828.199
131  TPM3+F        80528.020    558 162172.039   162193.082   166812.235
132  TPM3+F+I      80092.922    559 161303.843   161324.963   165952.355
133  TPM3+F+G4     80085.432    559 161288.865   161309.984   165937.376
134  TPM3+F+I+G4   80083.373    560 161286.745   161307.941   165943.573
135  TPM3+F+R2     80085.158    560 161290.316   161311.512   165947.143
136  TPM3+F+R3     80084.228    562 161292.456   161313.804   165965.914
144  TPM3u+F       80528.101    558 162172.201   162193.244   166812.397
145  TPM3u+F+I     80092.970    559 161303.940   161325.060   165952.452
146  TPM3u+F+G4    80085.478    559 161288.957   161310.076   165937.468
147  TPM3u+F+I+G4  80083.414    560 161286.828   161308.024   165943.655
148  TPM3u+F+R2    80085.033    560 161290.066   161311.262   165946.893
149  TPM3u+F+R3    80084.210    562 161292.419   161313.768   165965.878
157  TIMe          81505.119    556 164122.238   164143.130   168745.802
158  TIMe+I        81147.537    557 163409.075   163430.042   168040.955
159  TIMe+G4       81136.813    557 163387.626   163408.593   168019.506
160  TIMe+I+G4     81135.886    558 163387.772   163408.815   168027.968
161  TIMe+R2       81132.818    558 163381.636   163402.679   168021.832
162  TIMe+R3       81130.963    560 163381.927   163403.122   168038.754
170  TIM+F         80346.964    559 161811.928   161833.048   166460.440
171  TIM+F+I       79930.463    560 160980.926   161002.122   165637.753
172  TIM+F+G4      79919.161    560 160958.322   160979.517   165615.149
173  TIM+F+I+G4    79917.526    561 160957.052   160978.324   165622.195
174  TIM+F+R2      79918.258    561 160958.516   160979.787   165623.658
175  TIM+F+R3      79917.556    563 160961.112   160982.537   165642.887
183  TIM2e         81354.844    556 163821.688   163842.579   168445.252
184  TIM2e+I       80996.780    557 163107.559   163128.526   167739.439
185  TIM2e+G4      80985.538    557 163085.076   163106.043   167716.955
186  TIM2e+I+G4    80984.807    558 163085.615   163106.658   167725.810
187  TIM2e+R2      80980.843    558 163077.686   163098.729   167717.882
188  TIM2e+R3      80979.327    560 163078.655   163099.850   167735.482
196  TIM2+F        80267.853    559 161653.706   161674.825   166302.217
197  TIM2+F+I      79861.621    560 160843.242   160864.438   165500.070
198  TIM2+F+G4     79849.910    560 160819.821   160841.016   165476.648
199  TIM2+F+I+G4   79848.492    561 160818.984   160840.256   165484.127
200  TIM2+F+R2     79848.468    561 160818.937   160840.209   165484.080
201  TIM2+F+R3     79847.867    563 160821.735   160843.160   165503.509
209  TIM3e         81452.542    556 164017.083   164037.975   168640.647
210  TIM3e+I       81087.996    557 163289.992   163310.959   167921.872
211  TIM3e+G4      81075.898    557 163265.795   163286.763   167897.675
212  TIM3e+I+G4    81075.008    558 163266.015   163287.058   167906.211
213  TIM3e+R2      81070.569    558 163257.139   163278.182   167897.334
214  TIM3e+R3      81069.173    560 163258.347   163279.542   167915.174
222  TIM3+F        80353.764    559 161825.527   161846.647   166474.039
223  TIM3+F+I      79940.768    560 161001.537   161022.732   165658.364
224  TIM3+F+G4     79929.768    560 160979.537   161000.732   165636.364
225  TIM3+F+I+G4   79928.107    561 160978.214   160999.486   165643.357
226  TIM3+F+R2     79928.537    561 160979.074   161000.346   165644.217
227  TIM3+F+R3     79927.904    563 160981.807   161003.233   165663.582
235  TVMe          81363.432    557 163840.863   163861.830   168472.743
236  TVMe+I        80993.876    558 163103.753   163124.796   167743.949
237  TVMe+G4       80983.638    558 163083.277   163104.320   167723.472
238  TVMe+I+G4     80982.471    559 163082.941   163104.060   167731.453
239  TVMe+R2       80979.045    559 163076.091   163097.210   167724.602
240  TVMe+R3       80977.480    561 163076.961   163098.233   167742.104
248  TVM+F         80388.837    560 161897.674   161918.870   166554.501
249  TVM+F+I       79979.777    561 161081.554   161102.826   165746.697
250  TVM+F+G4      79971.783    561 161065.565   161086.837   165730.708
251  TVM+F+I+G4    79969.994    562 161063.989   161085.337   165737.447
252  TVM+F+R2      79971.402    562 161066.804   161088.153   165740.263
253  TVM+F+R3      79970.877    564 161069.755   161091.257   165759.845
261  SYM           81201.998    558 163519.995   163541.038   168160.191
262  SYM+I         80843.476    559 162804.952   162826.071   167453.464
263  SYM+G4        80831.148    559 162780.296   162801.415   167428.807
264  SYM+I+G4      80830.480    560 162780.960   162802.156   167437.787
265  SYM+R2        80825.435    560 162770.870   162792.066   167427.698
266  SYM+R3        80823.935    562 162771.870   162793.219   167445.329
274  GTR+F         80216.991    561 161555.981   161577.253   166221.124
275  GTR+F+I       79820.254    562 160764.509   160785.857   165437.967
276  GTR+F+G4      79809.429    562 160742.857   160764.206   165416.316
277  GTR+F+I+G4    79807.985    563 160741.970   160763.395   165423.745
278  GTR+F+R2      79808.196    563 160742.391   160763.817   165424.166
279  GTR+F+R3      79807.452    565 160744.905   160766.484   165443.311
Akaike Information Criterion:           GTR+F+I+G4
Corrected Akaike Information Criterion: GTR+F+I+G4
Bayesian Information Criterion:         GTR+F+G4
Best-fit model: GTR+F+G4 chosen according to BIC

All model information printed to /home/a1moshir/COVID19_2020-03-08/output_files/sequences_safe.aln.model.gz
CPU time for ModelFinder: 1166.410 seconds (0h:19m:26s)
Wall-clock time for ModelFinder: 318.534 seconds (0h:5m:18s)

NOTE: 136 MB RAM (0 GB) is required!
Measuring multi-threading efficiency up to 24 CPU cores
Increase to 10 rounds for branch lengths
20 trees examined
Threads: 1 / Time: 24.881 sec / Speedup: 1.000 / Efficiency: 100% / LogL: -162855
Threads: 2 / Time: 15.223 sec / Speedup: 1.634 / Efficiency: 82% / LogL: -162855
Threads: 3 / Time: 11.763 sec / Speedup: 2.115 / Efficiency: 71% / LogL: -162855
Threads: 4 / Time: 9.556 sec / Speedup: 2.604 / Efficiency: 65% / LogL: -162855
Threads: 5 / Time: 9.672 sec / Speedup: 2.572 / Efficiency: 51% / LogL: -162855
Threads: 6 / Time: 9.145 sec / Speedup: 2.721 / Efficiency: 45% / LogL: -162855
BEST NUMBER OF THREADS: 4

Estimate model parameters (epsilon = 0.100)
1. Initial log-likelihood: -81748.460
2. Current log-likelihood: -79848.299
3. Current log-likelihood: -79812.311
4. Current log-likelihood: -79809.698
5. Current log-likelihood: -79809.473
Optimal log-likelihood: -79809.448
Rate parameters:  A-C: 1.32754  A-G: 4.35522  A-T: 2.28922  C-G: 0.76344  C-T: 8.42600  G-T: 1.00000
Base frequencies:  A: 0.299  C: 0.184  G: 0.196  T: 0.321
Gamma shape alpha: 0.419
Parameters optimization took 5 rounds (6.322 sec)
Computing ML distances based on estimated model parameters... 6.619 sec
Computing BIONJ tree...
0.063 seconds
Log-likelihood of BIONJ tree: -79900.744
--------------------------------------------------------------------
|             INITIALIZING CANDIDATE TREE SET                      |
--------------------------------------------------------------------
Generating 98 parsimony trees... 19.129 second
Computing log-likelihood of 98 initial trees ... 16.497 seconds
Current best score: -79798.763

Do NNI search on 20 best initial trees
Estimate model parameters (epsilon = 0.100)
BETTER TREE FOUND at iteration 1: -79782.883
Estimate model parameters (epsilon = 0.100)
BETTER TREE FOUND at iteration 8: -79780.016
Iteration 10 / LogL: -79794.804 / Time: 0h:3m:20s
Iteration 20 / LogL: -79803.873 / Time: 0h:4m:54s
Finish initializing candidate tree set (20)
Current best tree score: -79780.016 / CPU time: 206.102
Number of iterations: 20
--------------------------------------------------------------------
|               OPTIMIZING CANDIDATE TREE SET                      |
--------------------------------------------------------------------
Estimate model parameters (epsilon = 0.100)
BETTER TREE FOUND at iteration 26: -79779.763
Iteration 30 / LogL: -79802.596 / Time: 0h:5m:25s (0h:17m:58s left)
Iteration 40 / LogL: -79782.118 / Time: 0h:5m:47s (0h:12m:47s left)
Iteration 50 / LogL: -79789.190 / Time: 0h:6m:10s (0h:9m:34s left)
Estimate model parameters (epsilon = 0.100)
BETTER TREE FOUND at iteration 55: -79779.728
Iteration 60 / LogL: -79798.651 / Time: 0h:6m:29s (0h:10m:27s left)
Iteration 70 / LogL: -79804.378 / Time: 0h:6m:47s (0h:8m:22s left)
Iteration 80 / LogL: -80136.004 / Time: 0h:7m:5s (0h:6m:43s left)
Iteration 90 / LogL: -79798.802 / Time: 0h:7m:22s (0h:5m:23s left)
Iteration 100 / LogL: -79792.987 / Time: 0h:7m:40s (0h:4m:16s left)
Iteration 110 / LogL: -79807.522 / Time: 0h:8m:6s (0h:3m:21s left)
Iteration 120 / LogL: -79811.465 / Time: 0h:8m:28s (0h:2m:29s left)
Iteration 130 / LogL: -79787.966 / Time: 0h:8m:47s (0h:1m:42s left)
Iteration 140 / LogL: -79781.080 / Time: 0h:9m:9s (0h:0m:59s left)
Iteration 150 / LogL: -79788.094 / Time: 0h:9m:24s (0h:0m:18s left)
TREE SEARCH COMPLETED AFTER 156 ITERATIONS / Time: 0h:9m:36s

--------------------------------------------------------------------
|                    FINALIZING TREE SEARCH                        |
--------------------------------------------------------------------
Performs final model parameters optimization
Estimate model parameters (epsilon = 0.010)
1. Initial log-likelihood: -79779.728
Optimal log-likelihood: -79779.726
Rate parameters:  A-C: 1.31358  A-G: 4.37599  A-T: 2.28086  C-G: 0.75368  C-T: 8.43943  G-T: 1.00000
Base frequencies:  A: 0.299  C: 0.184  G: 0.196  T: 0.321
Gamma shape alpha: 0.420
Parameters optimization took 1 rounds (0.493 sec)
BEST SCORE FOUND : -79779.726
Total tree length: 0.331

Total number of iterations: 156
CPU time used for tree search: 1882.932 sec (0h:31m:22s)
Wall-clock time used for tree search: 488.099 sec (0h:8m:8s)
Total CPU time used: 2148.426 sec (0h:35m:48s)
Total wall-clock time used: 577.413 sec (0h:9m:37s)

Analysis results written to: 
  IQ-TREE report:                /home/a1moshir/COVID19_2020-03-08/output_files/sequences_safe.aln.iqtree
  Maximum-likelihood tree:       /home/a1moshir/COVID19_2020-03-08/output_files/sequences_safe.aln.treefile
  Likelihood distances:          /home/a1moshir/COVID19_2020-03-08/output_files/sequences_safe.aln.mldist
  Screen log file:               /home/a1moshir/COVID19_2020-03-08/output_files/sequences_safe.aln.log

Date and Time: Sun Mar  8 11:31:43 2020
